java.lang.ArithmeticException: / by zero
	at java_study/java_study.ExceptionEx14.main(ExceptionEx14.java:19)
-----------------------------
예외 발생 시간 : Mon Jan 20 22:38:06 KST 2020
java.lang.ArithmeticException: / by zero
	at java_study/java_study.ExceptionEx14.main(ExceptionEx14.java:19)
예외 메시지 : / by zero
-----------------------------
-----------------------------
예외 발생 시간 : Mon Jan 20 22:38:22 KST 2020
java.lang.ArithmeticException: / by zero
	at java_study/java_study.ExceptionEx14.main(ExceptionEx14.java:19)
예외 메시지 : / by zero
-----------------------------
-----------------------------
예외 발생 시간 : Mon Jan 20 22:38:23 KST 2020
java.lang.ArithmeticException: / by zero
	at java_study/java_study.ExceptionEx14.main(ExceptionEx14.java:19)
예외 메시지 : / by zero
-----------------------------
-----------------------------
예외 발생 시간 : Mon Jan 20 22:38:23 KST 2020
java.lang.ArithmeticException: / by zero
	at java_study/java_study.ExceptionEx14.main(ExceptionEx14.java:19)
예외 메시지 : / by zero
-----------------------------
